<?xml version="1.0" encoding="UTF-8"?>
<!-- Generated by org.testng.reporters.JUnitReportReporter -->
<testsuite skipped="0" hostname="EVT02097NB" name="org.springframework.samples.petclinic.PetClinicTestRunner" tests="2" failures="0" timestamp="10 Kas 2021 12:14:09 GMT" time="4.728" errors="0">
  <testcase name="runScenario" time="2.117" classname="org.springframework.samples.petclinic.PetClinicTestRunner"/>
  <testcase name="runScenario" time="2.611" classname="org.springframework.samples.petclinic.PetClinicTestRunner"/>
</testsuite> <!-- org.springframework.samples.petclinic.PetClinicTestRunner -->
